<?xml version="1.0" encoding="UTF-8"?>
<!-- Generated by org.testng.reporters.JUnitXMLReporter -->
<testsuite ignored="0" hostname="heena-Inspiron-5567" failures="0" tests="2" name="Subtraction Testing" time="0.048" errors="0" timestamp="2021-05-18T10:15:40 IST">
  <testcase classname="Qktraining.CalculatorCICD.TestingSubtractionTestCases" name="TestSubtractionWithPositiveNumbers" time="0.006"/>
  <testcase classname="Qktraining.CalculatorCICD.TestingSubtractionTestCases" name="TestSubtractionWith1Positive1NegativeNumbers" time="0.006"/>
</testsuite> <!-- Subtraction Testing -->
